Build started 07/10/2014 16:30:04.
     1>Project "C:\Users\Theofano\Documents\GitHub\Arxitektoniki\ConsoleApplication1\ConsoleApplication1\ConsoleApplication1.vcxproj" on node 2 (Build target(s)).
     1>ClCompile:
         C:\Program Files (x86)\Microsoft Visual Studio 11.0\VC\bin\CL.exe /c /ZI /nologo /W3 /WX- /Od /Oy- /D WIN32 /D _DEBUG /D _CONSOLE /D _UNICODE /D UNICODE /Gm /EHsc /RTC1 /MDd /GS /fp:precise /Zc:wchar_t /Zc:forScope /Fo"Debug\\" /Fd"Debug\vc110.pdb" /Gd /TC /analyze- /errorReport:prompt Source.cpp
         Source.cpp
     1>c:\users\theofano\documents\github\arxitektoniki\consoleapplication1\consoleapplication1\source.cpp(16): warning C4129: 'T' : unrecognized character escape sequence
     1>c:\users\theofano\documents\github\arxitektoniki\consoleapplication1\consoleapplication1\source.cpp(16): warning C4129: 'D' : unrecognized character escape sequence
     1>c:\users\theofano\documents\github\arxitektoniki\consoleapplication1\consoleapplication1\source.cpp(16): warning C4129: 'i' : unrecognized character escape sequence
     1>c:\users\theofano\documents\github\arxitektoniki\consoleapplication1\consoleapplication1\source.cpp(16): error C2198: 'fopen' : too few arguments for call
     1>c:\users\theofano\documents\github\arxitektoniki\consoleapplication1\consoleapplication1\source.cpp(25): error C2143: syntax error : missing ';' before 'type'
     1>c:\users\theofano\documents\github\arxitektoniki\consoleapplication1\consoleapplication1\source.cpp(26): error C2143: syntax error : missing ';' before 'type'
     1>c:\users\theofano\documents\github\arxitektoniki\consoleapplication1\consoleapplication1\source.cpp(27): error C2065: 'bool' : undeclared identifier
     1>c:\users\theofano\documents\github\arxitektoniki\consoleapplication1\consoleapplication1\source.cpp(27): error C2146: syntax error : missing ';' before identifier 'hm'
     1>c:\users\theofano\documents\github\arxitektoniki\consoleapplication1\consoleapplication1\source.cpp(27): error C2065: 'hm' : undeclared identifier
     1>c:\users\theofano\documents\github\arxitektoniki\consoleapplication1\consoleapplication1\source.cpp(27): error C2065: 'h_m' : undeclared identifier
     1>c:\users\theofano\documents\github\arxitektoniki\consoleapplication1\consoleapplication1\source.cpp(64): error C2143: syntax error : missing ';' before 'type'
     1>c:\users\theofano\documents\github\arxitektoniki\consoleapplication1\consoleapplication1\source.cpp(66): error C2065: 'z' : undeclared identifier
     1>c:\users\theofano\documents\github\arxitektoniki\consoleapplication1\consoleapplication1\source.cpp(68): error C2065: 'z' : undeclared identifier
     1>c:\users\theofano\documents\github\arxitektoniki\consoleapplication1\consoleapplication1\source.cpp(68): warning C4047: '!=' : 'int' differs in levels of indirection from 'void *'
     1>c:\users\theofano\documents\github\arxitektoniki\consoleapplication1\consoleapplication1\source.cpp(70): error C2065: 'pin' : undeclared identifier
     1>c:\users\theofano\documents\github\arxitektoniki\consoleapplication1\consoleapplication1\source.cpp(70): error C2065: 'i' : undeclared identifier
     1>c:\users\theofano\documents\github\arxitektoniki\consoleapplication1\consoleapplication1\source.cpp(70): error C2109: subscript requires array or pointer type
     1>c:\users\theofano\documents\github\arxitektoniki\consoleapplication1\consoleapplication1\source.cpp(70): error C2065: 'z' : undeclared identifier
     1>c:\users\theofano\documents\github\arxitektoniki\consoleapplication1\consoleapplication1\source.cpp(239): fatal error C1075: end of file found before the left brace '{' at 'c:\users\theofano\documents\github\arxitektoniki\consoleapplication1\consoleapplication1\source.cpp(7)' was matched
     1>Done Building Project "C:\Users\Theofano\Documents\GitHub\Arxitektoniki\ConsoleApplication1\ConsoleApplication1\ConsoleApplication1.vcxproj" (Build target(s)) -- FAILED.

Build FAILED.

Time Elapsed 00:00:00.14
